Started GET "/" for 172.19.0.1 at 2016-05-08 16:35:39 +0000
  
PG::ConnectionBad (could not connect to server: No such file or directory
	Is the server running locally and accepting
	connections on Unix domain socket "/var/run/postgresql/.s.PGSQL.5432"?
):
  
activerecord (5.0.0.rc1) lib/active_record/connection_adapters/postgresql_adapter.rb:671:in `initialize'
activerecord (5.0.0.rc1) lib/active_record/connection_adapters/postgresql_adapter.rb:671:in `new'
activerecord (5.0.0.rc1) lib/active_record/connection_adapters/postgresql_adapter.rb:671:in `connect'
activerecord (5.0.0.rc1) lib/active_record/connection_adapters/postgresql_adapter.rb:217:in `initialize'
activerecord (5.0.0.rc1) lib/active_record/connection_adapters/postgresql_adapter.rb:37:in `new'
activerecord (5.0.0.rc1) lib/active_record/connection_adapters/postgresql_adapter.rb:37:in `postgresql_connection'
activerecord (5.0.0.rc1) lib/active_record/connection_adapters/abstract/connection_pool.rb:721:in `new_connection'
activerecord (5.0.0.rc1) lib/active_record/connection_adapters/abstract/connection_pool.rb:765:in `checkout_new_connection'
activerecord (5.0.0.rc1) lib/active_record/connection_adapters/abstract/connection_pool.rb:744:in `try_to_checkout_new_connection'
activerecord (5.0.0.rc1) lib/active_record/connection_adapters/abstract/connection_pool.rb:705:in `acquire_connection'
activerecord (5.0.0.rc1) lib/active_record/connection_adapters/abstract/connection_pool.rb:501:in `checkout'
activerecord (5.0.0.rc1) lib/active_record/connection_adapters/abstract/connection_pool.rb:364:in `connection'
activerecord (5.0.0.rc1) lib/active_record/connection_adapters/abstract/connection_pool.rb:877:in `retrieve_connection'
activerecord (5.0.0.rc1) lib/active_record/connection_handling.rb:128:in `retrieve_connection'
activerecord (5.0.0.rc1) lib/active_record/connection_handling.rb:91:in `connection'
activerecord (5.0.0.rc1) lib/active_record/migration.rb:558:in `connection'
activerecord (5.0.0.rc1) lib/active_record/migration.rb:545:in `call'
actionpack (5.0.0.rc1) lib/action_dispatch/middleware/callbacks.rb:38:in `block in call'
activesupport (5.0.0.rc1) lib/active_support/callbacks.rb:97:in `__run_callbacks__'
activesupport (5.0.0.rc1) lib/active_support/callbacks.rb:750:in `_run_call_callbacks'
activesupport (5.0.0.rc1) lib/active_support/callbacks.rb:90:in `run_callbacks'
actionpack (5.0.0.rc1) lib/action_dispatch/middleware/callbacks.rb:36:in `call'
actionpack (5.0.0.rc1) lib/action_dispatch/middleware/executor.rb:12:in `call'
actionpack (5.0.0.rc1) lib/action_dispatch/middleware/remote_ip.rb:79:in `call'
actionpack (5.0.0.rc1) lib/action_dispatch/middleware/debug_exceptions.rb:49:in `call'
actionpack (5.0.0.rc1) lib/action_dispatch/middleware/show_exceptions.rb:31:in `call'
railties (5.0.0.rc1) lib/rails/rack/logger.rb:36:in `call_app'
railties (5.0.0.rc1) lib/rails/rack/logger.rb:24:in `block in call'
activesupport (5.0.0.rc1) lib/active_support/tagged_logging.rb:70:in `block in tagged'
activesupport (5.0.0.rc1) lib/active_support/tagged_logging.rb:26:in `tagged'
activesupport (5.0.0.rc1) lib/active_support/tagged_logging.rb:70:in `tagged'
railties (5.0.0.rc1) lib/rails/rack/logger.rb:24:in `call'
actionpack (5.0.0.rc1) lib/action_dispatch/middleware/request_id.rb:24:in `call'
rack (2.0.0.rc1) lib/rack/runtime.rb:22:in `call'
activesupport (5.0.0.rc1) lib/active_support/cache/strategy/local_cache_middleware.rb:28:in `call'
actionpack (5.0.0.rc1) lib/action_dispatch/middleware/executor.rb:12:in `call'
actionpack (5.0.0.rc1) lib/action_dispatch/middleware/static.rb:136:in `call'
rack (2.0.0.rc1) lib/rack/sendfile.rb:111:in `call'
railties (5.0.0.rc1) lib/rails/engine.rb:522:in `call'
puma (3.4.0) lib/puma/configuration.rb:224:in `call'
puma (3.4.0) lib/puma/server.rb:569:in `handle_request'
puma (3.4.0) lib/puma/server.rb:406:in `process_client'
puma (3.4.0) lib/puma/server.rb:271:in `block in run'
puma (3.4.0) lib/puma/thread_pool.rb:114:in `block in spawn_thread'
  [1m[35m (0.1ms)[0m  [1m[35mDROP DATABASE IF EXISTS "myapp_development"[0m
  [1m[35m (0.1ms)[0m  [1m[35mDROP DATABASE IF EXISTS "myapp_test"[0m
Started GET "/" for 172.19.0.1 at 2016-05-08 16:40:26 +0000
Processing by Rails::WelcomeController#index as HTML
  Parameters: {"internal"=>true}
  Rendering /usr/local/bundle/gems/railties-5.0.0.rc1/lib/rails/templates/rails/welcome/index.html.erb
  Rendered /usr/local/bundle/gems/railties-5.0.0.rc1/lib/rails/templates/rails/welcome/index.html.erb (3.3ms)
Completed 200 OK in 11ms (Views: 9.3ms | ActiveRecord: 0.0ms)


